<?xml version="1.0" encoding="UTF-8"?>
<testng-results ignored="0" total="2" passed="2" failed="0" skipped="0">
  <reporter-output>
  </reporter-output>
  <suite started-at="2024-11-29T11:41:27 IST" name="Suite" finished-at="2024-11-29T11:41:41 IST" duration-ms="14119">
    <groups>
    </groups>
    <test started-at="2024-11-29T11:41:27 IST" name="Test" finished-at="2024-11-29T11:41:41 IST" duration-ms="14119">
      <class name="testCases.BlazeLoginTest">
        <test-method is-config="true" signature="setUP()[pri:0, instance:testCases.BlazeLoginTest@2cb4893b]" started-at="2024-11-29T11:41:36 IST" name="setUP" finished-at="2024-11-29T11:41:39 IST" duration-ms="3272" status="PASS">
          <reporter-output>
          </reporter-output>
        </test-method> <!-- setUP -->
        <test-method signature="testLogin()[pri:0, instance:testCases.BlazeLoginTest@2cb4893b]" started-at="2024-11-29T11:41:39 IST" name="testLogin" finished-at="2024-11-29T11:41:41 IST" duration-ms="1730" status="PASS">
          <reporter-output>
          </reporter-output>
        </test-method> <!-- testLogin -->
        <test-method is-config="true" signature="tearDown()[pri:0, instance:testCases.BlazeLoginTest@2cb4893b]" started-at="2024-11-29T11:41:41 IST" name="tearDown" finished-at="2024-11-29T11:41:41 IST" duration-ms="173" status="PASS">
          <reporter-output>
          </reporter-output>
        </test-method> <!-- tearDown -->
      </class> <!-- testCases.BlazeLoginTest -->
      <class name="testCases.RegisterTest">
        <test-method is-config="true" signature="setUP()[pri:0, instance:testCases.RegisterTest@606e4010]" started-at="2024-11-29T11:41:27 IST" name="setUP" finished-at="2024-11-29T11:41:33 IST" duration-ms="6377" status="PASS">
          <reporter-output>
          </reporter-output>
        </test-method> <!-- setUP -->
        <test-method signature="testRegister()[pri:0, instance:testCases.RegisterTest@606e4010]" started-at="2024-11-29T11:41:34 IST" name="testRegister" finished-at="2024-11-29T11:41:36 IST" duration-ms="2321" status="PASS">
          <reporter-output>
          </reporter-output>
        </test-method> <!-- testRegister -->
        <test-method is-config="true" signature="tearDown()[pri:0, instance:testCases.RegisterTest@606e4010]" started-at="2024-11-29T11:41:36 IST" name="tearDown" finished-at="2024-11-29T11:41:36 IST" duration-ms="175" status="PASS">
          <reporter-output>
          </reporter-output>
        </test-method> <!-- tearDown -->
      </class> <!-- testCases.RegisterTest -->
    </test> <!-- Test -->
  </suite> <!-- Suite -->
</testng-results>
